[*] Setting up workspace...
[*] Decompiling APK...
I: Using Apktool 2.7.0-dirty on vuln.apk
I: Loading resource table...
I: Decoding AndroidManifest.xml with resources...
I: Loading resource table from file: /home/dekalibor/.local/share/apktool/framework/1.apk
I: Regular manifest package...
I: Decoding file-resources...
I: Decoding values */* XMLs...
I: Baksmaling classes.dex...
I: Copying assets and libs...
I: Copying unknown files...
I: Copying original files...
[*] Backing up manifest...
[*] Applying security fixes with Python...
Reading AndroidManifest.xml...
Applying security patches...
✓ Fixed: allowBackup set to false
✓ Fixed: 4 activity(s) set to exported=false
✓ Fixed: 1 receiver(s) set to exported=false
✓ Fixed: 1 provider(s) set to exported=false
Security patches applied successfully
[*] Rebuilding APK...
I: Using Apktool 2.7.0-dirty
I: Checking whether sources has changed...
I: Smaling smali folder into classes.dex...
I: Checking whether resources has changed...
I: Building resources...
W: aapt: brut.common.BrutException: brut.common.BrutException: Could not extract resource: /prebuilt/linux/aapt_64 (defaulting to $PATH binary)
I: Building apk file...
I: Copying unknown files/dir...
I: Built apk into: /home/dekalibor/capstone_mobile/artifacts/patch/rebuilt.apk
[*] Creating debug keystore...
[*] Signing APK...
jar signed.

Warning: 
The signer's certificate is self-signed.
[*] Verifying patch...
✅ PATCH SUCCESSFUL - APK created at: /home/dekalibor/capstone_mobile/artifacts/patch/rebuilt.apk
File size: 3.4M
